#
# A fatal error has been detected by the Java Runtime Environment:
#
#  EXCEPTION_ACCESS_VIOLATION (0xc0000005) at pc=0x00007ffedf160cb7, pid=10448, tid=19324
#
# JRE version: Java(TM) SE Runtime Environment (21.0.5+9) (build 21.0.5+9-LTS-239)
# Java VM: Java HotSpot(TM) 64-Bit Server VM (21.0.5+9-LTS-239, mixed mode, sharing, tiered, compressed oops, compressed class ptrs, parallel gc, windows-amd64)
# Problematic frame:
# V  [jvm.dll+0x680cb7]
#
# No core dump will be written. Minidumps are not enabled by default on client versions of Windows
#
# If you would like to submit a bug report, please visit:
#   https://bugreport.java.com/bugreport/crash.jsp
#

---------------  S U M M A R Y ------------

Command Line: --add-modules=ALL-SYSTEM --add-opens=java.base/java.util=ALL-UNNAMED --add-opens=java.base/java.lang=ALL-UNNAMED --add-opens=java.base/sun.nio.fs=ALL-UNNAMED -Declipse.application=org.eclipse.jdt.ls.core.id1 -Dosgi.bundles.defaultStartLevel=4 -Declipse.product=org.eclipse.jdt.ls.core.product -Djava.import.generatesMetadataFilesAtProjectRoot=false -DDetectVMInstallationsJob.disabled=true -Dfile.encoding=utf8 -XX:+UseParallelGC -XX:GCTimeRatio=4 -XX:AdaptiveSizePolicyWeight=90 -Dsun.zip.disableMemoryMapping=true -Xmx1G -Xms100m -Xlog:disable -javaagent:c:\Users\82104\.vscode\extensions\redhat.java-1.40.0-win32-x64\lombok\lombok-1.18.36.jar -XX:+HeapDumpOnOutOfMemoryError -XX:HeapDumpPath=c:\Users\82104\AppData\Roaming\Code\User\workspaceStorage\d87379898489d1c619680d830fc6113a\redhat.java -Daether.dependencyCollector.impl=bf c:\Users\82104\.vscode\extensions\redhat.java-1.40.0-win32-x64\server\plugins\org.eclipse.equinox.launcher_1.6.1000.v20250131-0606.jar -configuration c:\Users\82104\AppData\Roaming\Code\User\globalStorage\redhat.java\1.40.0\config_win -data c:\Users\82104\AppData\Roaming\Code\User\workspaceStorage\d87379898489d1c619680d830fc6113a\redhat.java\jdt_ws --pipe=\\.\pipe\lsp-fc65992b837c78537d32daa1cb31b13a-sock

Host: Intel(R) Core(TM) i7-8565U CPU @ 1.80GHz, 8 cores, 7G,  Windows 11 , 64 bit Build 26100 (10.0.26100.3323)
Time: Sun Mar 23 12:35:01 2025  Windows 11 , 64 bit Build 26100 (10.0.26100.3323) elapsed time: 1357.157172 seconds (0d 0h 22m 37s)

---------------  T H R E A D  ---------------

Current thread (0x0000017f7534bb30):  VMThread "VM Thread"          [id=19324, stack(0x0000006d59400000,0x0000006d59500000) (1024K)]

Stack: [0x0000006d59400000,0x0000006d59500000],  sp=0x0000006d594fe640,  free space=1017k
Native frames: (J=compiled Java code, j=interpreted, Vv=VM code, C=native code)
V  [jvm.dll+0x680cb7]
V  [jvm.dll+0x3bdc88]
V  [jvm.dll+0x5aaeec]
V  [jvm.dll+0x704e1c]
V  [jvm.dll+0x704396]
V  [jvm.dll+0x709686]
V  [jvm.dll+0x6d7913]
V  [jvm.dll+0x70ac44]
V  [jvm.dll+0x85d420]
V  [jvm.dll+0x85e7a4]
V  [jvm.dll+0x85ece0]
V  [jvm.dll+0x85ef83]
V  [jvm.dll+0x7fee9b]
V  [jvm.dll+0x6c896d]
C  [ucrtbase.dll+0x37b0]
C  [KERNEL32.DLL+0x2e8d7]
C  [ntdll.dll+0xbbf6c]


siginfo: EXCEPTION_ACCESS_VIOLATION (0xc0000005), reading address 0xffffffffffffffff


Registers:
RAX=0x0000000000000070, RBX=0x0000017f7534def0, RCX=0xffe3e3e3ffe3e3e3, RDX=0x0000000000000000
RSP=0x0000006d594fe640, RBP=0x0000017f10355b98, RSI=0xffe3e3e3ffe3e3e3, RDI=0x0000000000000000
R8 =0x0000000000000004, R9 =0x0000017f75301670, R10=0x0000000000000000, R11=0x0000000000000246
R12=0x0000000000000000, R13=0x0000017f72fcd110, R14=0x0000000000000000, R15=0x00007ffedf4f0ff8
RIP=0x00007ffedf160cb7, EFLAGS=0x0000000000010202


Register to memory mapping:

RAX=0x0000000000000070 is an unknown value
RBX=0x0000017f7534def0 points into unknown readable memory: 0x0000000000000000 | 00 00 00 00 00 00 00 00
RCX=0xffe3e3e3ffe3e3e3 is an unknown value
RDX=0x0 is null
RSP=0x0000006d594fe640 points into unknown readable memory: 0x00000000000003d8 | d8 03 00 00 00 00 00 00
RBP=0x0000017f10355b98 is a pointer to class: 
javax.xml.parsers.FactoryConfigurationError {0x0000017f10355ba0}
 - instance size:     5
 - klass size:        75
 - access:            public synchronized 
 - flags:             has_nonstatic_fields has_localvariable_table 
 - state:             loaded
 - name:              'javax/xml/parsers/FactoryConfigurationError'
 - super:             'java/lang/Error'
 - sub:               
 - arrays:            null
 - methods:           Array<T>(0x0000017f53d514b8)
 - method ordering:   Array<T>(0x0000017f0fb31ed0)
 - default_methods:   Array<T>(0x0000000000000000)
 - local interfaces:  Array<T>(0x0000017f0f613ea0)
 - trans. interfaces: Array<T>(0x0000017f0f621db8)
 - constants:         constant pool [51] {0x0000017f53d512b8} for 'javax/xml/parsers/FactoryConfigurationError'
 - class loader data:  loader data: 0x0000017f752b4010 of 'bootstrap'
 - source file:       'FactoryConfigurationError.java'
 - class annotations:       Array<T>(0x0000000000000000)
 - class type annotations:  Array<T>(0x0000000000000000)
 - field annotations:       Array<T>(0x0000000000000000)
 - field type annotations:  Array<T>(0x0000000000000000)
 - inner classes:     Array<T>(0x0000017f0f613e28)
 - nest members:     Array<T>(0x0000017f0f613e28)
 - permitted subclasses:     Array<T>(0x0000017f0f613e28)
 - java mirror:       a 'java/lang/Class'{0x00000000c0d9f4d8} = 'javax/xml/parsers/FactoryConfigurationError'
 - vtable length      16  (start addr: 0x0000017f10355d58)
 - itable length      2 (start addr: 0x0000017f10355dd8)
 - ---- static fields (1 words):
 - protected static '
[error occurred during error reporting (printing register info), id 0xc0000005, EXCEPTION_ACCESS_VIOLATION (0xc0000005) at pc=0x00007ffedf2a128d]
RSI=0xffe3e3e3ffe3e3e3 is an unknown value
RDI=0x0 is null
R8 =0x0000000000000004 is an unknown value
R9 =0x0000017f75301670 points into unknown readable memory: 0x0000000000000002 | 02 00 00 00 00 00 00 00
R10=0x0 is null
R11=0x0000000000000246 is an unknown value
R12=0x0 is null
R13=0x0000017f72fcd110 points into unknown readable memory: 0x00007ffedf5110b0 | b0 10 51 df fe 7f 00 00
R14=0x0 is null
R15=0x00007ffedf4f0ff8 jvm.dll

Top of Stack: (sp=0x0000006d594fe640)
0x0000006d594fe640:   00000000000003d8 0000017f753044e0
0x0000006d594fe650:   0000000000000108 0000017f75301670
0x0000006d594fe660:   00007ffedf503890 00007ffeded00a13
0x0000006d594fe670:   00007ffedf4f0ff8 0000000000000000
0x0000006d594fe680:   0000017f72fcd110 0000000000000000
0x0000006d594fe690:   0000000000000000 00007ffedee9dc88
0x0000006d594fe6a0:   00000000000003d8 ffe3e3e3ffe3e3e3
0x0000006d594fe6b0:   0000017f10355b98 0000000000000001
0x0000006d594fe6c0:   0000000000000000 0000017f102496f8
0x0000006d594fe6d0:   0000000000000001 0000006d594fe768
0x0000006d594fe6e0:   0000017f10355b98 00007ffedf08aeec
0x0000006d594fe6f0:   0000017f10355b98 0000006d594fe768
0x0000006d594fe700:   0000000000000001 0000017f7528eac0
0x0000006d594fe710:   00007ffedf4f0ff8 00000000000001fe
0x0000006d594fe720:   ffffffffffffff00 0000000000000004
0x0000006d594fe730:   00000000000000fe 00000000000001fe
0x0000006d594fe740:   0000000000000000 0000017f64c59fe0
0x0000006d594fe750:   0000000000000000 0000027563935e3f
0x0000006d594fe760:   0000017f72fcbfe0 00007ffedf6a9c30
0x0000006d594fe770:   0000006d594fe880 00007ffedf1e4e1c
0x0000006d594fe780:   0000006d594fede0 0000000000000001
0x0000006d594fe790:   0000017f7528eac0 00007ffedf6a9c30
0x0000006d594fe7a0:   0000006d594fe900 00007ffedf1a2f4f
0x0000006d594fe7b0:   00007ffedf494d40 00007ffedf6a9c30
0x0000006d594fe7c0:   0000000000000000 0000000000000186
0x0000006d594fe7d0:   00007ffedf498b78 3f2c1d6cf850df00
0x0000006d594fe7e0:   00007ffedf4b2390 000001000000000b
0x0000006d594fe7f0:   0000006d00000002 00007ffedf6f9ba0
0x0000006d594fe800:   0000000000000002 00007ffedf6f9c10
0x0000006d594fe810:   ffffffffffffffff 0000000000000000
0x0000006d594fe820:   0000000000000000 00007ffedf498b90
0x0000006d594fe830:   00007ffedf4b2390 00007ffedf6a9c50 

Instructions: (pc=0x00007ffedf160cb7)
0x00007ffedf160bb7:   39 27 00 48 8b 7c 24 50 4c 8b 64 24 58 48 8b 5c
0x00007ffedf160bc7:   24 60 48 8b 6c 24 68 48 83 c4 30 41 5f 41 5e 5e
0x00007ffedf160bd7:   c3 48 8b cb e8 c0 7c ac ff 0f b6 c0 4c 8d 0d 6e
0x00007ffedf160be7:   28 3a 00 41 b8 73 05 00 00 89 44 24 20 48 8d 15
0x00007ffedf160bf7:   75 28 3a 00 b9 00 00 00 e0 e8 9b ce bf ff cc 48
0x00007ffedf160c07:   8b cb e8 92 7c ac ff 0f b6 c0 4c 8d 0d 40 28 3a
0x00007ffedf160c17:   00 41 b8 f1 06 00 00 89 44 24 20 48 8d 15 47 28
0x00007ffedf160c27:   3a 00 b9 00 00 00 e0 e8 6d ce bf ff cc 48 8b cb
0x00007ffedf160c37:   e8 64 7c ac ff 0f b6 c0 4c 8d 0d 12 28 3a 00 41
0x00007ffedf160c47:   b8 73 05 00 00 89 44 24 20 48 8d 15 19 28 3a 00
0x00007ffedf160c57:   b9 00 00 00 e0 e8 3f ce bf ff cc cc cc cc cc cc
0x00007ffedf160c67:   cc cc cc cc cc cc cc cc cc 48 89 5c 24 10 48 89
0x00007ffedf160c77:   6c 24 18 48 89 74 24 20 57 41 54 41 55 41 56 41
0x00007ffedf160c87:   57 48 83 ec 30 65 48 8b 04 25 58 00 00 00 44 0f
0x00007ffedf160c97:   b6 f2 44 8b 05 08 af 5e 00 48 8b f1 4a 8b 1c c0
0x00007ffedf160ca7:   b8 70 00 00 00 80 3c 18 00 75 05 e8 49 25 27 00
0x00007ffedf160cb7:   83 be 00 01 00 00 00 b8 20 00 00 00 48 8b 04 18
0x00007ffedf160cc7:   48 8b a8 18 03 00 00 48 8b 7d 28 4c 8b 7d 10 4c
0x00007ffedf160cd7:   8b 65 18 4c 8b 6d 20 48 89 7c 24 60 7e 65 48 8d
0x00007ffedf160ce7:   8e 08 01 00 00 e8 7f 0d 00 00 48 8b f8 48 85 c0
0x00007ffedf160cf7:   74 4c 0f 1f 80 00 00 00 00 48 8b 07 41 0f b6 d6
0x00007ffedf160d07:   48 8b cf ff 90 80 00 00 00 8b 5f 08 48 8b cf 48
0x00007ffedf160d17:   8b 07 2b de ff 10 8d 48 e0 8d 0c cb 3b 8e 00 01
0x00007ffedf160d27:   00 00 7d 1a 48 63 c9 48 81 c1 08 01 00 00 48 03
0x00007ffedf160d37:   ce e8 33 0d 00 00 48 8b f8 48 85 c0 75 bb 48 8b
0x00007ffedf160d47:   7c 24 60 48 63 86 04 01 00 00 83 f8 fe 74 35 48
0x00007ffedf160d57:   8d 88 08 01 00 00 48 03 ce e8 0b 0d 00 00 48 8b
0x00007ffedf160d67:   c8 48 8b d8 48 8b 10 ff 52 68 33 c9 84 c0 48 0f
0x00007ffedf160d77:   45 cb 48 85 c9 74 0d 48 8b 01 41 0f b6 d6 ff 90
0x00007ffedf160d87:   80 00 00 00 48 8d 05 fe 2a 3a 00 44 88 74 24 28
0x00007ffedf160d97:   48 8d 54 24 20 48 89 44 24 20 48 8b ce e8 87 fc
0x00007ffedf160da7:   ff ff 49 83 3f 00 74 13 48 8b d7 48 8b cd e8 a6 


Stack slot to memory mapping:

stack at sp + 0 slots: 0x00000000000003d8 is an unknown value
stack at sp + 1 slots: 0x0000017f753044e0 points into unknown readable memory: 0x6d782e786176616a | 6a 61 76 61 78 2e 78 6d
stack at sp + 2 slots: 0x0000000000000108 is an unknown value
stack at sp + 3 slots: 0x0000017f75301670 points into unknown readable memory: 0x0000000000000002 | 02 00 00 00 00 00 00 00
stack at sp + 4 slots: 0x00007ffedf503890 jvm.dll
stack at sp + 5 slots: 0x00007ffeded00a13 jvm.dll
stack at sp + 6 slots: 0x00007ffedf4f0ff8 jvm.dll
stack at sp + 7 slots: 0x0 is null

VM_Operation (0x0000006d5b5feda0): ParallelGCFailedAllocation, mode: safepoint, requested by thread 0x0000017f56c03ab0


---------------  P R O C E S S  ---------------

Threads class SMR info:
_java_thread_list=0x0000017f59d604b0, length=46, elements={
0x0000017f72fdd0f0, 0x0000017f7f8c6a60, 0x0000017f7f8cac20, 0x0000017f7f8cd140,
0x0000017f7f8cf280, 0x0000017f7f8d2e20, 0x0000017f7f8d34b0, 0x0000017f7f8d7380,
0x0000017f5147c8a0, 0x0000017f7f8d2790, 0x0000017f7f8d3b40, 0x0000017f7f8d06c0,
0x0000017f7f8d0d50, 0x0000017f7f8d13e0, 0x0000017f7f8d1a70, 0x0000017f7f8d2100,
0x0000017f56c047d0, 0x0000017f56c02d90, 0x0000017f56c03420, 0x0000017f56c03ab0,
0x0000017f56c07c50, 0x0000017f56c082e0, 0x0000017f56c08970, 0x0000017f56c09000,
0x0000017f56c09d20, 0x0000017f56c09690, 0x0000017f56c068a0, 0x0000017f56c0a3b0,
0x0000017f59fc6e40, 0x0000017f59fc8f10, 0x0000017f59fc67b0, 0x0000017f59fc5a90,
0x0000017f647540f0, 0x0000017f64754780, 0x0000017f6475a9f0, 0x0000017f64759cd0,
0x0000017f64758290, 0x0000017f64759640, 0x0000017f64756850, 0x0000017f64753a60,
0x0000017f56c075c0, 0x0000017f6475a360, 0x0000017f56c05b80, 0x0000017f56c06210,
0x0000017f56c04e60, 0x0000017f59fc9c30
}

Java Threads: ( => current thread )
  0x0000017f72fdd0f0 JavaThread "main"                              [_thread_blocked, id=17312, stack(0x0000006d59100000,0x0000006d59200000) (1024K)]
  0x0000017f7f8c6a60 JavaThread "Reference Handler"          daemon [_thread_blocked, id=4580, stack(0x0000006d59500000,0x0000006d59600000) (1024K)]
  0x0000017f7f8cac20 JavaThread "Finalizer"                  daemon [_thread_blocked, id=13572, stack(0x0000006d59600000,0x0000006d59700000) (1024K)]
  0x0000017f7f8cd140 JavaThread "Signal Dispatcher"          daemon [_thread_blocked, id=19408, stack(0x0000006d59700000,0x0000006d59800000) (1024K)]
  0x0000017f7f8cf280 JavaThread "Attach Listener"            daemon [_thread_blocked, id=16788, stack(0x0000006d59800000,0x0000006d59900000) (1024K)]
  0x0000017f7f8d2e20 JavaThread "Service Thread"             daemon [_thread_blocked, id=10292, stack(0x0000006d59900000,0x0000006d59a00000) (1024K)]
  0x0000017f7f8d34b0 JavaThread "Monitor Deflation Thread"   daemon [_thread_blocked, id=20144, stack(0x0000006d59a00000,0x0000006d59b00000) (1024K)]
  0x0000017f7f8d7380 JavaThread "C2 CompilerThread0"         daemon [_thread_blocked, id=11856, stack(0x0000006d59b00000,0x0000006d59c00000) (1024K)]
  0x0000017f5147c8a0 JavaThread "C1 CompilerThread0"         daemon [_thread_blocked, id=19676, stack(0x0000006d59c00000,0x0000006d59d00000) (1024K)]
  0x0000017f7f8d2790 JavaThread "Common-Cleaner"             daemon [_thread_blocked, id=16280, stack(0x0000006d59d00000,0x0000006d59e00000) (1024K)]
  0x0000017f7f8d3b40 JavaThread "Notification Thread"        daemon [_thread_blocked, id=19000, stack(0x0000006d59e00000,0x0000006d59f00000) (1024K)]
  0x0000017f7f8d06c0 JavaThread "Active Thread: Equinox Container: 12fa6449-d8fa-4d57-888f-cd17d7d137ab"        [_thread_blocked, id=12716, stack(0x0000006d5a700000,0x0000006d5a800000) (1024K)]
  0x0000017f7f8d0d50 JavaThread "Refresh Thread: Equinox Container: 12fa6449-d8fa-4d57-888f-cd17d7d137ab" daemon [_thread_blocked, id=18108, stack(0x0000006d59f00000,0x0000006d5a000000) (1024K)]
  0x0000017f7f8d13e0 JavaThread "Framework Event Dispatcher: Equinox Container: 12fa6449-d8fa-4d57-888f-cd17d7d137ab" daemon [_thread_blocked, id=18672, stack(0x0000006d5a800000,0x0000006d5a900000) (1024K)]
  0x0000017f7f8d1a70 JavaThread "Start Level: Equinox Container: 12fa6449-d8fa-4d57-888f-cd17d7d137ab" daemon [_thread_blocked, id=17252, stack(0x0000006d5a900000,0x0000006d5aa00000) (1024K)]
  0x0000017f7f8d2100 JavaThread "Bundle File Closer"         daemon [_thread_blocked, id=8832, stack(0x0000006d5ac00000,0x0000006d5ad00000) (1024K)]
  0x0000017f56c047d0 JavaThread "SCR Component Actor"        daemon [_thread_blocked, id=9592, stack(0x0000006d5ab00000,0x0000006d5ac00000) (1024K)]
  0x0000017f56c02d90 JavaThread "Worker-JM"                         [_thread_blocked, id=6164, stack(0x0000006d5ad00000,0x0000006d5ae00000) (1024K)]
  0x0000017f56c03420 JavaThread "JNA Cleaner"                daemon [_thread_blocked, id=14540, stack(0x0000006d5af00000,0x0000006d5b000000) (1024K)]
  0x0000017f56c03ab0 JavaThread "Java indexing"              daemon [_thread_blocked, id=4960, stack(0x0000006d5b500000,0x0000006d5b600000) (1024K)]
  0x0000017f56c07c50 JavaThread "Thread-2"                   daemon [_thread_in_native, id=18072, stack(0x0000006d5ba00000,0x0000006d5bb00000) (1024K)]
  0x0000017f56c082e0 JavaThread "Thread-3"                   daemon [_thread_in_native, id=752, stack(0x0000006d5bb00000,0x0000006d5bc00000) (1024K)]
  0x0000017f56c08970 JavaThread "Thread-4"                   daemon [_thread_in_native, id=17860, stack(0x0000006d5bc00000,0x0000006d5bd00000) (1024K)]
  0x0000017f56c09000 JavaThread "Thread-5"                   daemon [_thread_in_native, id=8560, stack(0x0000006d5bd00000,0x0000006d5be00000) (1024K)]
  0x0000017f56c09d20 JavaThread "Thread-6"                   daemon [_thread_in_native, id=20208, stack(0x0000006d5be00000,0x0000006d5bf00000) (1024K)]
  0x0000017f56c09690 JavaThread "Thread-7"                   daemon [_thread_in_native, id=14684, stack(0x0000006d5bf00000,0x0000006d5c000000) (1024K)]
  0x0000017f56c068a0 JavaThread "Thread-8"                   daemon [_thread_in_native, id=19460, stack(0x0000006d5c000000,0x0000006d5c100000) (1024K)]
  0x0000017f56c0a3b0 JavaThread "Thread-9"                   daemon [_thread_blocked, id=19820, stack(0x0000006d5c100000,0x0000006d5c200000) (1024K)]
  0x0000017f59fc6e40 JavaThread "Thread-10"                  daemon [_thread_in_native, id=20408, stack(0x0000006d5c200000,0x0000006d5c300000) (1024K)]
  0x0000017f59fc8f10 JavaThread "pool-2-thread-1"                   [_thread_blocked, id=2864, stack(0x0000006d5c300000,0x0000006d5c400000) (1024K)]
  0x0000017f59fc67b0 JavaThread "WorkspaceEventsHandler"            [_thread_blocked, id=10260, stack(0x0000006d5c500000,0x0000006d5c600000) (1024K)]
  0x0000017f59fc5a90 JavaThread "pool-1-thread-1"                   [_thread_blocked, id=4756, stack(0x0000006d5c600000,0x0000006d5c700000) (1024K)]
  0x0000017f647540f0 JavaThread "ForkJoinPool.commonPool-worker-1" daemon [_thread_blocked, id=16696, stack(0x0000006d58f00000,0x0000006d59000000) (1024K)]
  0x0000017f64754780 JavaThread "ForkJoinPool.commonPool-worker-3" daemon [_thread_blocked, id=15772, stack(0x0000006d5b300000,0x0000006d5b400000) (1024K)]
  0x0000017f6475a9f0 JavaThread "ForkJoinPool.commonPool-worker-4" daemon [_thread_blocked, id=7608, stack(0x0000006d5db00000,0x0000006d5dc00000) (1024K)]
  0x0000017f64759cd0 JavaThread "ForkJoinPool.commonPool-worker-6" daemon [_thread_blocked, id=14720, stack(0x0000006d5dd00000,0x0000006d5de00000) (1024K)]
  0x0000017f64758290 JavaThread "ForkJoinPool.commonPool-worker-7" daemon [_thread_blocked, id=16672, stack(0x0000006d5de00000,0x0000006d5df00000) (1024K)]
  0x0000017f64759640 JavaThread "ForkJoinPool.commonPool-worker-8" daemon [_thread_blocked, id=11080, stack(0x0000006d59000000,0x0000006d59100000) (1024K)]
  0x0000017f64756850 JavaThread "ForkJoinPool.commonPool-worker-9" daemon [_thread_blocked, id=17956, stack(0x0000006d5ae00000,0x0000006d5af00000) (1024K)]
  0x0000017f64753a60 JavaThread "Cleaner-0"                  daemon [_thread_blocked, id=9516, stack(0x0000006d5aa00000,0x0000006d5ab00000) (1024K)]
  0x0000017f56c075c0 JavaThread "Worker-9"                          [_thread_blocked, id=10020, stack(0x0000006d5b900000,0x0000006d5ba00000) (1024K)]
  0x0000017f6475a360 JavaThread "Worker-11"                         [_thread_blocked, id=13848, stack(0x0000006d5b800000,0x0000006d5b900000) (1024K)]
  0x0000017f56c05b80 JavaThread "Compiler Source File Reader" daemon [_thread_blocked, id=17152, stack(0x0000006d58e00000,0x0000006d58f00000) (1024K)]
  0x0000017f56c06210 JavaThread "Compiler Processing Task"   daemon [_thread_blocked, id=5372, stack(0x0000006d5b000000,0x0000006d5b100000) (1024K)]
  0x0000017f56c04e60 JavaThread "Worker-12"                         [_thread_blocked, id=9672, stack(0x0000006d5b100000,0x0000006d5b200000) (1024K)]
  0x0000017f59fc9c30 JavaThread "Compiler Source File Reader" daemon [_thread_blocked, id=10580, stack(0x0000006d5b200000,0x0000006d5b300000) (1024K)]
Total: 46

Other Threads:
=>0x0000017f7534bb30 VMThread "VM Thread"                           [id=19324, stack(0x0000006d59400000,0x0000006d59500000) (1024K)]
  0x0000017f7f7eca00 WatcherThread "VM Periodic Task Thread"        [id=14448, stack(0x0000006d59300000,0x0000006d59400000) (1024K)]
  0x0000017f7529d540 WorkerThread "GC Thread#0"                     [id=19368, stack(0x0000006d59200000,0x0000006d59300000) (1024K)]
  0x0000017f56239a80 WorkerThread "GC Thread#1"                     [id=12620, stack(0x0000006d5a000000,0x0000006d5a100000) (1024K)]
  0x0000017f560f62d0 WorkerThread "GC Thread#2"                     [id=15356, stack(0x0000006d5a100000,0x0000006d5a200000) (1024K)]
  0x0000017f5680a0a0 WorkerThread "GC Thread#3"                     [id=888, stack(0x0000006d5a200000,0x0000006d5a300000) (1024K)]
  0x0000017f5680a440 WorkerThread "GC Thread#4"                     [id=15380, stack(0x0000006d5a300000,0x0000006d5a400000) (1024K)]
  0x0000017f5680a7e0 WorkerThread "GC Thread#5"                     [id=18380, stack(0x0000006d5a400000,0x0000006d5a500000) (1024K)]
  0x0000017f5680ab80 WorkerThread "GC Thread#6"                     [id=20120, stack(0x0000006d5a500000,0x0000006d5a600000) (1024K)]
  0x0000017f567b4c90 WorkerThread "GC Thread#7"                     [id=20212, stack(0x0000006d5a600000,0x0000006d5a700000) (1024K)]
Total: 10

Threads with active compile tasks:
Total: 0

VM state: at safepoint (normal execution)

VM Mutex/Monitor currently owned by a thread:  ([mutex/lock_event])
[0x00007ffedf71be98] Threads_lock - owner thread: 0x0000017f7534bb30
[0x00007ffedf71bf98] Heap_lock - owner thread: 0x0000017f56c03ab0

Heap address: 0x00000000c0000000, size: 1024 MB, Compressed Oops mode: 32-bit

CDS archive(s) mapped at: [0x0000017f0f000000-0x0000017f0fc90000-0x0000017f0fc90000), size 13172736, SharedBaseAddress: 0x0000017f0f000000, ArchiveRelocationMode: 1.
Compressed class space mapped at: 0x0000017f10000000-0x0000017f50000000, reserved size: 1073741824
Narrow klass base: 0x0000017f0f000000, Narrow klass shift: 0, Narrow klass range: 0x100000000

GC Precious Log:
 CardTable entry size: 512
 CPUs: 8 total, 8 available
 Memory: 7986M
 Large Page Support: Disabled
 NUMA Support: Disabled
 Compressed Oops: Enabled (32-bit)
 Alignments: Space 512K, Generation 512K, Heap 2M
 Heap Min Capacity: 100M
 Heap Initial Capacity: 100M
 Heap Max Capacity: 1G
 Pre-touch: Disabled
 Parallel Workers: 8

Heap:
 PSYoungGen      total 5632K, used 2030K [0x00000000eab00000, 0x00000000ed680000, 0x0000000100000000)
  eden space 3584K, 0% used [0x00000000eab00000,0x00000000eab00000,0x00000000eae80000)
  from space 2048K, 99% used [0x00000000ebc80000,0x00000000ebe7ba50,0x00000000ebe80000)
  to   space 14336K, 0% used [0x00000000eae80000,0x00000000eae80000,0x00000000ebc80000)
 ParOldGen       total 173056K, used 172626K [0x00000000c0000000, 0x00000000ca900000, 0x00000000eab00000)
  object space 173056K, 99% used [0x00000000c0000000,0x00000000ca894978,0x00000000ca900000)
 Metaspace       used 88585K, committed 90112K, reserved 1179648K
  class space    used 8609K, committed 9344K, reserved 1048576K

Card table byte_map: [0x0000017f74c30000,0x0000017f74e40000] _byte_map_base: 0x0000017f74630000

Marking Bits: (ParMarkBitMap*) 0x00007ffedf720df0
 Begin Bits: [0x0000017f7d710000, 0x0000017f7e710000)
 End Bits:   [0x0000017f7e710000, 0x0000017f7f710000)

Polling page: 0x0000017f74a00000

Metaspace:

Usage:
  Non-class:     78.10 MB used.
      Class:      8.41 MB used.
       Both:     86.51 MB used.

Virtual space:
  Non-class space:      128.00 MB reserved,      78.88 MB ( 62%) committed,  2 nodes.
      Class space:        1.00 GB reserved,       9.12 MB ( <1%) committed,  1 nodes.
             Both:        1.12 GB reserved,      88.00 MB (  8%) committed. 

Chunk freelists:
   Non-Class:  193.00 KB
       Class:  6.92 MB
        Both:  7.11 MB

MaxMetaspaceSize: unlimited
CompressedClassSpaceSize: 1.00 GB
Initial GC threshold: 21.00 MB
Current GC threshold: 146.56 MB
CDS: on
 - commit_granule_bytes: 65536.
 - commit_granule_words: 8192.
 - virtual_space_node_default_size: 8388608.
 - enlarge_chunks_in_place: 1.
 - use_allocation_guard: 0.


Internal statistics:

num_allocs_failed_limit: 8.
num_arena_births: 1576.
num_arena_deaths: 288.
num_vsnodes_births: 3.
num_vsnodes_deaths: 0.
num_space_committed: 1408.
num_space_uncommitted: 0.
num_chunks_returned_to_freelist: 320.
num_chunks_taken_from_freelist: 5937.
num_chunk_merges: 71.
num_chunk_splits: 3460.
num_chunks_enlarged: 1928.
num_inconsistent_stats: 0.

CodeHeap 'non-profiled nmethods': size=120000Kb used=16098Kb max_used=17033Kb free=103901Kb
 bounds [0x0000017f07ad0000, 0x0000017f08b80000, 0x0000017f0f000000]
CodeHeap 'profiled nmethods': size=120000Kb used=28808Kb max_used=30264Kb free=91191Kb
 bounds [0x0000017f00000000, 0x0000017f01da0000, 0x0000017f07530000]
CodeHeap 'non-nmethods': size=5760Kb used=1520Kb max_used=1612Kb free=4239Kb
 bounds [0x0000017f07530000, 0x0000017f077a0000, 0x0000017f07ad0000]
 total_blobs=13709 nmethods=12867 adapters=743
 compilation: enabled
              stopped_count=0, restarted_count=0
 full_count=0

Compilation events (20 events):
Event: 1356.063 Thread 0x0000017f7f8d7380 23629       4       java.lang.invoke.LambdaForm$MH/0x0000017f10688800::invoke (42 bytes)
Event: 1356.065 Thread 0x0000017f7f8d7380 nmethod 23629 0x0000017f08b70810 code [0x0000017f08b709a0, 0x0000017f08b70a48]
Event: 1356.077 Thread 0x0000017f7f8d7380 23630       4       org.eclipse.jdt.internal.compiler.lookup.BinaryTypeBinding::genericTypeSignature (28 bytes)
Event: 1356.085 Thread 0x0000017f7f8d7380 nmethod 23630 0x0000017f08b70c10 code [0x0000017f08b70e60, 0x0000017f08b714c0]
Event: 1356.420 Thread 0x0000017f5147c8a0 23631   !   3       java.util.Collections$SynchronizedCollection::remove (25 bytes)
Event: 1356.420 Thread 0x0000017f5147c8a0 nmethod 23631 0x0000017f01d97890 code [0x0000017f01d97a40, 0x0000017f01d97d10]
Event: 1356.444 Thread 0x0000017f7f8d7380 23632       4       org.eclipse.jdt.internal.core.SourceType::isAnonymous (14 bytes)
Event: 1356.445 Thread 0x0000017f7f8d7380 nmethod 23632 0x0000017f08b71a10 code [0x0000017f08b71ba0, 0x0000017f08b71c80]
Event: 1356.825 Thread 0x0000017f7f8d7380 23633   !   4       org.eclipse.jdt.internal.core.CompilationUnitProblemFinder::accept (199 bytes)
Event: 1356.826 Thread 0x0000017f7f8d7380 nmethod 23633 0x0000017f08b71d90 code [0x0000017f08b71f20, 0x0000017f08b72020]
Event: 1356.918 Thread 0x0000017f5147c8a0 23634       3       java.lang.Iterable::forEach (39 bytes)
Event: 1356.919 Thread 0x0000017f5147c8a0 nmethod 23634 0x0000017f01d97e90 code [0x0000017f01d980a0, 0x0000017f01d986d8]
Event: 1356.973 Thread 0x0000017f5147c8a0 23635       3       com.google.common.base.Preconditions::checkArgument (13 bytes)
Event: 1356.973 Thread 0x0000017f5147c8a0 nmethod 23635 0x0000017f01d98910 code [0x0000017f01d98ac0, 0x0000017f01d98ca8]
Event: 1356.977 Thread 0x0000017f5147c8a0 23636       3       org.eclipse.core.internal.content.ContentTypeCatalog::getMatchingRegexpAssociated (130 bytes)
Event: 1356.978 Thread 0x0000017f5147c8a0 nmethod 23636 0x0000017f01d98d90 code [0x0000017f01d990a0, 0x0000017f01d9a218]
Event: 1356.984 Thread 0x0000017f5147c8a0 23637       3       org.eclipse.core.internal.localstore.BucketTree::translateSegment (19 bytes)
Event: 1356.985 Thread 0x0000017f5147c8a0 nmethod 23637 0x0000017f01d9a710 code [0x0000017f01d9a8e0, 0x0000017f01d9abc8]
Event: 1356.985 Thread 0x0000017f7f8d7380 23638       4       java.lang.String::lastIndexOf (29 bytes)
Event: 1356.987 Thread 0x0000017f7f8d7380 nmethod 23638 0x0000017f08b72190 code [0x0000017f08b72320, 0x0000017f08b72490]

GC Heap History (20 events):
Event: 1346.786 GC heap after
{Heap after GC invocations=3273 (full 62):
 PSYoungGen      total 18432K, used 858K [0x00000000eab00000, 0x00000000ec100000, 0x0000000100000000)
  eden space 17408K, 0% used [0x00000000eab00000,0x00000000eab00000,0x00000000ebc00000)
  from space 1024K, 83% used [0x00000000ebf80000,0x00000000ec056900,0x00000000ec080000)
  to   space 512K, 0% used [0x00000000ec080000,0x00000000ec080000,0x00000000ec100000)
 ParOldGen       total 169984K, used 157516K [0x00000000c0000000, 0x00000000ca600000, 0x00000000eab00000)
  object space 169984K, 92% used [0x00000000c0000000,0x00000000c99d30b8,0x00000000ca600000)
 Metaspace       used 88576K, committed 90112K, reserved 1179648K
  class space    used 8609K, committed 9344K, reserved 1048576K
}
Event: 1346.828 GC heap before
{Heap before GC invocations=3274 (full 62):
 PSYoungGen      total 18432K, used 18266K [0x00000000eab00000, 0x00000000ec100000, 0x0000000100000000)
  eden space 17408K, 100% used [0x00000000eab00000,0x00000000ebc00000,0x00000000ebc00000)
  from space 1024K, 83% used [0x00000000ebf80000,0x00000000ec056900,0x00000000ec080000)
  to   space 512K, 0% used [0x00000000ec080000,0x00000000ec080000,0x00000000ec100000)
 ParOldGen       total 169984K, used 157516K [0x00000000c0000000, 0x00000000ca600000, 0x00000000eab00000)
  object space 169984K, 92% used [0x00000000c0000000,0x00000000c99d30b8,0x00000000ca600000)
 Metaspace       used 88576K, committed 90112K, reserved 1179648K
  class space    used 8609K, committed 9344K, reserved 1048576K
}
Event: 1346.830 GC heap after
{Heap after GC invocations=3274 (full 62):
 PSYoungGen      total 17920K, used 508K [0x00000000eab00000, 0x00000000ec400000, 0x0000000100000000)
  eden space 17408K, 0% used [0x00000000eab00000,0x00000000eab00000,0x00000000ebc00000)
  from space 512K, 99% used [0x00000000ec080000,0x00000000ec0ff080,0x00000000ec100000)
  to   space 4096K, 0% used [0x00000000ebc00000,0x00000000ebc00000,0x00000000ec000000)
 ParOldGen       total 169984K, used 160379K [0x00000000c0000000, 0x00000000ca600000, 0x00000000eab00000)
  object space 169984K, 94% used [0x00000000c0000000,0x00000000c9c9ef38,0x00000000ca600000)
 Metaspace       used 88576K, committed 90112K, reserved 1179648K
  class space    used 8609K, committed 9344K, reserved 1048576K
}
Event: 1347.089 GC heap before
{Heap before GC invocations=3275 (full 62):
 PSYoungGen      total 17920K, used 17916K [0x00000000eab00000, 0x00000000ec400000, 0x0000000100000000)
  eden space 17408K, 100% used [0x00000000eab00000,0x00000000ebc00000,0x00000000ebc00000)
  from space 512K, 99% used [0x00000000ec080000,0x00000000ec0ff080,0x00000000ec100000)
  to   space 4096K, 0% used [0x00000000ebc00000,0x00000000ebc00000,0x00000000ec000000)
 ParOldGen       total 169984K, used 160379K [0x00000000c0000000, 0x00000000ca600000, 0x00000000eab00000)
  object space 169984K, 94% used [0x00000000c0000000,0x00000000c9c9ef38,0x00000000ca600000)
 Metaspace       used 88576K, committed 90112K, reserved 1179648K
  class space    used 8609K, committed 9344K, reserved 1048576K
}
Event: 1347.091 GC heap after
{Heap after GC invocations=3275 (full 62):
 PSYoungGen      total 20480K, used 2622K [0x00000000eab00000, 0x00000000ec200000, 0x0000000100000000)
  eden space 17408K, 0% used [0x00000000eab00000,0x00000000eab00000,0x00000000ebc00000)
  from space 3072K, 85% used [0x00000000ebc00000,0x00000000ebe8f800,0x00000000ebf00000)
  to   space 3072K, 0% used [0x00000000ebf00000,0x00000000ebf00000,0x00000000ec200000)
 ParOldGen       total 169984K, used 160411K [0x00000000c0000000, 0x00000000ca600000, 0x00000000eab00000)
  object space 169984K, 94% used [0x00000000c0000000,0x00000000c9ca6f38,0x00000000ca600000)
 Metaspace       used 88576K, committed 90112K, reserved 1179648K
  class space    used 8609K, committed 9344K, reserved 1048576K
}
Event: 1347.127 GC heap before
{Heap before GC invocations=3276 (full 62):
 PSYoungGen      total 20480K, used 20029K [0x00000000eab00000, 0x00000000ec200000, 0x0000000100000000)
  eden space 17408K, 99% used [0x00000000eab00000,0x00000000ebbfffe8,0x00000000ebc00000)
  from space 3072K, 85% used [0x00000000ebc00000,0x00000000ebe8f800,0x00000000ebf00000)
  to   space 3072K, 0% used [0x00000000ebf00000,0x00000000ebf00000,0x00000000ec200000)
 ParOldGen       total 169984K, used 160411K [0x00000000c0000000, 0x00000000ca600000, 0x00000000eab00000)
  object space 169984K, 94% used [0x00000000c0000000,0x00000000c9ca6f38,0x00000000ca600000)
 Metaspace       used 88576K, committed 90112K, reserved 1179648K
  class space    used 8609K, committed 9344K, reserved 1048576K
}
Event: 1347.129 GC heap after
{Heap after GC invocations=3276 (full 62):
 PSYoungGen      total 18944K, used 3070K [0x00000000eab00000, 0x00000000ec500000, 0x0000000100000000)
  eden space 15872K, 0% used [0x00000000eab00000,0x00000000eab00000,0x00000000eba80000)
  from space 3072K, 99% used [0x00000000ebf00000,0x00000000ec1ff800,0x00000000ec200000)
  to   space 4608K, 0% used [0x00000000eba80000,0x00000000eba80000,0x00000000ebf00000)
 ParOldGen       total 169984K, used 161339K [0x00000000c0000000, 0x00000000ca600000, 0x00000000eab00000)
  object space 169984K, 94% used [0x00000000c0000000,0x00000000c9d8ef38,0x00000000ca600000)
 Metaspace       used 88576K, committed 90112K, reserved 1179648K
  class space    used 8609K, committed 9344K, reserved 1048576K
}
Event: 1350.215 GC heap before
{Heap before GC invocations=3277 (full 62):
 PSYoungGen      total 18944K, used 18942K [0x00000000eab00000, 0x00000000ec500000, 0x0000000100000000)
  eden space 15872K, 100% used [0x00000000eab00000,0x00000000eba80000,0x00000000eba80000)
  from space 3072K, 99% used [0x00000000ebf00000,0x00000000ec1ff800,0x00000000ec200000)
  to   space 4608K, 0% used [0x00000000eba80000,0x00000000eba80000,0x00000000ebf00000)
 ParOldGen       total 169984K, used 161339K [0x00000000c0000000, 0x00000000ca600000, 0x00000000eab00000)
  object space 169984K, 94% used [0x00000000c0000000,0x00000000c9d8ef38,0x00000000ca600000)
 Metaspace       used 88576K, committed 90112K, reserved 1179648K
  class space    used 8609K, committed 9344K, reserved 1048576K
}
Event: 1350.218 GC heap after
{Heap after GC invocations=3277 (full 62):
 PSYoungGen      total 18432K, used 2553K [0x00000000eab00000, 0x00000000ec180000, 0x0000000100000000)
  eden space 15872K, 0% used [0x00000000eab00000,0x00000000eab00000,0x00000000eba80000)
  from space 2560K, 99% used [0x00000000eba80000,0x00000000ebcfe410,0x00000000ebd00000)
  to   space 3584K, 0% used [0x00000000ebe00000,0x00000000ebe00000,0x00000000ec180000)
 ParOldGen       total 169984K, used 161616K [0x00000000c0000000, 0x00000000ca600000, 0x00000000eab00000)
  object space 169984K, 95% used [0x00000000c0000000,0x00000000c9dd4138,0x00000000ca600000)
 Metaspace       used 88576K, committed 90112K, reserved 1179648K
  class space    used 8609K, committed 9344K, reserved 1048576K
}
Event: 1353.782 GC heap before
{Heap before GC invocations=3278 (full 62):
 PSYoungGen      total 18432K, used 18425K [0x00000000eab00000, 0x00000000ec180000, 0x0000000100000000)
  eden space 15872K, 100% used [0x00000000eab00000,0x00000000eba80000,0x00000000eba80000)
  from space 2560K, 99% used [0x00000000eba80000,0x00000000ebcfe410,0x00000000ebd00000)
  to   space 3584K, 0% used [0x00000000ebe00000,0x00000000ebe00000,0x00000000ec180000)
 ParOldGen       total 169984K, used 161616K [0x00000000c0000000, 0x00000000ca600000, 0x00000000eab00000)
  object space 169984K, 95% used [0x00000000c0000000,0x00000000c9dd4138,0x00000000ca600000)
 Metaspace       used 88576K, committed 90112K, reserved 1179648K
  class space    used 8609K, committed 9344K, reserved 1048576K
}
Event: 1353.784 GC heap after
{Heap after GC invocations=3278 (full 62):
 PSYoungGen      total 17920K, used 1982K [0x00000000eab00000, 0x00000000ec000000, 0x0000000100000000)
  eden space 15872K, 0% used [0x00000000eab00000,0x00000000eab00000,0x00000000eba80000)
  from space 2048K, 96% used [0x00000000ebe00000,0x00000000ebfefb10,0x00000000ec000000)
  to   space 2560K, 0% used [0x00000000ebb00000,0x00000000ebb00000,0x00000000ebd80000)
 ParOldGen       total 169984K, used 161616K [0x00000000c0000000, 0x00000000ca600000, 0x00000000eab00000)
  object space 169984K, 95% used [0x00000000c0000000,0x00000000c9dd4138,0x00000000ca600000)
 Metaspace       used 88576K, committed 90112K, reserved 1179648K
  class space    used 8609K, committed 9344K, reserved 1048576K
}
Event: 1355.752 GC heap before
{Heap before GC invocations=3279 (full 62):
 PSYoungGen      total 17920K, used 17854K [0x00000000eab00000, 0x00000000ec000000, 0x0000000100000000)
  eden space 15872K, 100% used [0x00000000eab00000,0x00000000eba80000,0x00000000eba80000)
  from space 2048K, 96% used [0x00000000ebe00000,0x00000000ebfefb10,0x00000000ec000000)
  to   space 2560K, 0% used [0x00000000ebb00000,0x00000000ebb00000,0x00000000ebd80000)
 ParOldGen       total 169984K, used 161616K [0x00000000c0000000, 0x00000000ca600000, 0x00000000eab00000)
  object space 169984K, 95% used [0x00000000c0000000,0x00000000c9dd4138,0x00000000ca600000)
 Metaspace       used 88583K, committed 90112K, reserved 1179648K
  class space    used 8609K, committed 9344K, reserved 1048576K
}
Event: 1355.754 GC heap after
{Heap after GC invocations=3279 (full 62):
 PSYoungGen      total 17920K, used 1684K [0x00000000eab00000, 0x00000000ebe80000, 0x0000000100000000)
  eden space 15872K, 0% used [0x00000000eab00000,0x00000000eab00000,0x00000000eba80000)
  from space 2048K, 82% used [0x00000000ebb00000,0x00000000ebca5200,0x00000000ebd00000)
  to   space 1536K, 0% used [0x00000000ebd00000,0x00000000ebd00000,0x00000000ebe80000)
 ParOldGen       total 169984K, used 161616K [0x00000000c0000000, 0x00000000ca600000, 0x00000000eab00000)
  object space 169984K, 95% used [0x00000000c0000000,0x00000000c9dd4138,0x00000000ca600000)
 Metaspace       used 88583K, committed 90112K, reserved 1179648K
  class space    used 8609K, committed 9344K, reserved 1048576K
}
Event: 1356.432 GC heap before
{Heap before GC invocations=3280 (full 62):
 PSYoungGen      total 17920K, used 17556K [0x00000000eab00000, 0x00000000ebe80000, 0x0000000100000000)
  eden space 15872K, 100% used [0x00000000eab00000,0x00000000eba80000,0x00000000eba80000)
  from space 2048K, 82% used [0x00000000ebb00000,0x00000000ebca5200,0x00000000ebd00000)
  to   space 1536K, 0% used [0x00000000ebd00000,0x00000000ebd00000,0x00000000ebe80000)
 ParOldGen       total 169984K, used 161616K [0x00000000c0000000, 0x00000000ca600000, 0x00000000eab00000)
  object space 169984K, 95% used [0x00000000c0000000,0x00000000c9dd4138,0x00000000ca600000)
 Metaspace       used 88584K, committed 90112K, reserved 1179648K
  class space    used 8609K, committed 9344K, reserved 1048576K
}
Event: 1356.435 GC heap after
{Heap after GC invocations=3280 (full 62):
 PSYoungGen      total 17408K, used 1524K [0x00000000eab00000, 0x00000000ebe80000, 0x0000000100000000)
  eden space 15872K, 0% used [0x00000000eab00000,0x00000000eab00000,0x00000000eba80000)
  from space 1536K, 99% used [0x00000000ebd00000,0x00000000ebe7d200,0x00000000ebe80000)
  to   space 2048K, 0% used [0x00000000eba80000,0x00000000eba80000,0x00000000ebc80000)
 ParOldGen       total 169984K, used 161624K [0x00000000c0000000, 0x00000000ca600000, 0x00000000eab00000)
  object space 169984K, 95% used [0x00000000c0000000,0x00000000c9dd6138,0x00000000ca600000)
 Metaspace       used 88584K, committed 90112K, reserved 1179648K
  class space    used 8609K, committed 9344K, reserved 1048576K
}
Event: 1356.846 GC heap before
{Heap before GC invocations=3281 (full 62):
 PSYoungGen      total 17408K, used 17396K [0x00000000eab00000, 0x00000000ebe80000, 0x0000000100000000)
  eden space 15872K, 100% used [0x00000000eab00000,0x00000000eba80000,0x00000000eba80000)
  from space 1536K, 99% used [0x00000000ebd00000,0x00000000ebe7d200,0x00000000ebe80000)
  to   space 2048K, 0% used [0x00000000eba80000,0x00000000eba80000,0x00000000ebc80000)
 ParOldGen       total 169984K, used 161624K [0x00000000c0000000, 0x00000000ca600000, 0x00000000eab00000)
  object space 169984K, 95% used [0x00000000c0000000,0x00000000c9dd6138,0x00000000ca600000)
 Metaspace       used 88584K, committed 90112K, reserved 1179648K
  class space    used 8609K, committed 9344K, reserved 1048576K
}
Event: 1356.847 GC heap after
{Heap after GC invocations=3281 (full 62):
 PSYoungGen      total 17920K, used 1529K [0x00000000eab00000, 0x00000000ebe80000, 0x0000000100000000)
  eden space 15872K, 0% used [0x00000000eab00000,0x00000000eab00000,0x00000000eba80000)
  from space 2048K, 74% used [0x00000000eba80000,0x00000000ebbfe410,0x00000000ebc80000)
  to   space 2048K, 0% used [0x00000000ebc80000,0x00000000ebc80000,0x00000000ebe80000)
 ParOldGen       total 169984K, used 162608K [0x00000000c0000000, 0x00000000ca600000, 0x00000000eab00000)
  object space 169984K, 95% used [0x00000000c0000000,0x00000000c9ecc138,0x00000000ca600000)
 Metaspace       used 88584K, committed 90112K, reserved 1179648K
  class space    used 8609K, committed 9344K, reserved 1048576K
}
Event: 1357.031 GC heap before
{Heap before GC invocations=3282 (full 62):
 PSYoungGen      total 17920K, used 17401K [0x00000000eab00000, 0x00000000ebe80000, 0x0000000100000000)
  eden space 15872K, 100% used [0x00000000eab00000,0x00000000eba80000,0x00000000eba80000)
  from space 2048K, 74% used [0x00000000eba80000,0x00000000ebbfe410,0x00000000ebc80000)
  to   space 2048K, 0% used [0x00000000ebc80000,0x00000000ebc80000,0x00000000ebe80000)
 ParOldGen       total 169984K, used 162608K [0x00000000c0000000, 0x00000000ca600000, 0x00000000eab00000)
  object space 169984K, 95% used [0x00000000c0000000,0x00000000c9ecc138,0x00000000ca600000)
 Metaspace       used 88585K, committed 90112K, reserved 1179648K
  class space    used 8609K, committed 9344K, reserved 1048576K
}
Event: 1357.041 GC heap after
{Heap after GC invocations=3282 (full 62):
 PSYoungGen      total 5632K, used 2030K [0x00000000eab00000, 0x00000000ed680000, 0x0000000100000000)
  eden space 3584K, 0% used [0x00000000eab00000,0x00000000eab00000,0x00000000eae80000)
  from space 2048K, 99% used [0x00000000ebc80000,0x00000000ebe7ba50,0x00000000ebe80000)
  to   space 14336K, 0% used [0x00000000eae80000,0x00000000eae80000,0x00000000ebc80000)
 ParOldGen       total 173056K, used 172626K [0x00000000c0000000, 0x00000000ca900000, 0x00000000eab00000)
  object space 173056K, 99% used [0x00000000c0000000,0x00000000ca894978,0x00000000ca900000)
 Metaspace       used 88585K, committed 90112K, reserved 1179648K
  class space    used 8609K, committed 9344K, reserved 1048576K
}
Event: 1357.041 GC heap before
{Heap before GC invocations=3283 (full 63):
 PSYoungGen      total 5632K, used 2030K [0x00000000eab00000, 0x00000000ed680000, 0x0000000100000000)
  eden space 3584K, 0% used [0x00000000eab00000,0x00000000eab00000,0x00000000eae80000)
  from space 2048K, 99% used [0x00000000ebc80000,0x00000000ebe7ba50,0x00000000ebe80000)
  to   space 14336K, 0% used [0x00000000eae80000,0x00000000eae80000,0x00000000ebc80000)
 ParOldGen       total 173056K, used 172626K [0x00000000c0000000, 0x00000000ca900000, 0x00000000eab00000)
  object space 173056K, 99% used [0x00000000c0000000,0x00000000ca894978,0x00000000ca900000)
 Metaspace       used 88585K, committed 90112K, reserved 1179648K
  class space    used 8609K, committed 9344K, reserved 1048576K
}

Dll operation events (13 events):
Event: 0.045 Loaded shared library C:\Program Files\Java\jdk-21\bin\java.dll
Event: 0.134 Loaded shared library C:\Program Files\Java\jdk-21\bin\jsvml.dll
Event: 0.436 Loaded shared library C:\Program Files\Java\jdk-21\bin\zip.dll
Event: 0.451 Loaded shared library C:\Program Files\Java\jdk-21\bin\instrument.dll
Event: 0.467 Loaded shared library C:\Program Files\Java\jdk-21\bin\net.dll
Event: 0.471 Loaded shared library C:\Program Files\Java\jdk-21\bin\nio.dll
Event: 0.484 Loaded shared library C:\Program Files\Java\jdk-21\bin\zip.dll
Event: 0.612 Loaded shared library C:\Program Files\Java\jdk-21\bin\jimage.dll
Event: 0.812 Loaded shared library C:\Program Files\Java\jdk-21\bin\verify.dll
Event: 3.586 Loaded shared library C:\Users\82104\AppData\Roaming\Code\User\globalStorage\redhat.java\1.40.0\config_win\org.eclipse.equinox.launcher\org.eclipse.equinox.launcher.win32.win32.x86_64_1.2.1200.v20250212-0927\eclipse_11909.dll
Event: 8.778 Loaded shared library C:\Users\82104\AppData\Local\Temp\jna-53255355\jna6904936908277308131.dll
Event: 835.852 Loaded shared library C:\Program Files\Java\jdk-21\bin\sunmscapi.dll
Event: 835.944 Loaded shared library C:\Program Files\Java\jdk-21\bin\extnet.dll

Deoptimization events (20 events):
Event: 1335.186 Thread 0x0000017f64754780 DEOPT PACKING pc=0x0000017f084e95d0 sp=0x0000006d5b3fef60
Event: 1335.186 Thread 0x0000017f64754780 DEOPT UNPACKING pc=0x0000017f07583aa2 sp=0x0000006d5b3feee0 mode 2
Event: 1335.193 Thread 0x0000017f64759cd0 DEOPT PACKING pc=0x0000017f0114da06 sp=0x0000006d5ddfe540
Event: 1335.193 Thread 0x0000017f64759cd0 DEOPT UNPACKING pc=0x0000017f07584242 sp=0x0000006d5ddfdab0 mode 0
Event: 1336.891 Thread 0x0000017f64759cd0 Uncommon trap: trap_request=0xffffffde fr.pc=0x0000017f0837489c relative=0x0000000000000ebc
Event: 1336.891 Thread 0x0000017f64759cd0 Uncommon trap: reason=class_check action=maybe_recompile pc=0x0000017f0837489c method=org.eclipse.jdt.internal.compiler.parser.Parser.consumeToken(I)V @ 1307 c2
Event: 1336.891 Thread 0x0000017f64759cd0 DEOPT PACKING pc=0x0000017f0837489c sp=0x0000006d5ddfe8c0
Event: 1336.891 Thread 0x0000017f64759cd0 DEOPT UNPACKING pc=0x0000017f07583aa2 sp=0x0000006d5ddfe850 mode 2
Event: 1336.891 Thread 0x0000017f64759cd0 Uncommon trap: trap_request=0xffffff45 fr.pc=0x0000017f0806caf4 relative=0x00000000000004d4
Event: 1336.891 Thread 0x0000017f64759cd0 Uncommon trap: reason=unstable_if action=reinterpret pc=0x0000017f0806caf4 method=org.eclipse.jdt.internal.codeassist.select.SelectionParser.consumeToken(I)V @ 44 c2
Event: 1336.891 Thread 0x0000017f64759cd0 DEOPT PACKING pc=0x0000017f0806caf4 sp=0x0000006d5ddfe950
Event: 1336.891 Thread 0x0000017f64759cd0 DEOPT UNPACKING pc=0x0000017f07583aa2 sp=0x0000006d5ddfe8e0 mode 2
Event: 1336.928 Thread 0x0000017f64759cd0 Uncommon trap: trap_request=0xffffffde fr.pc=0x0000017f0837489c relative=0x0000000000000ebc
Event: 1336.928 Thread 0x0000017f64759cd0 Uncommon trap: reason=class_check action=maybe_recompile pc=0x0000017f0837489c method=org.eclipse.jdt.internal.compiler.parser.Parser.consumeToken(I)V @ 1307 c2
Event: 1336.928 Thread 0x0000017f64759cd0 DEOPT PACKING pc=0x0000017f0837489c sp=0x0000006d5ddfe8e0
Event: 1336.928 Thread 0x0000017f64759cd0 DEOPT UNPACKING pc=0x0000017f07583aa2 sp=0x0000006d5ddfe870 mode 2
Event: 1337.863 Thread 0x0000017f64759cd0 Uncommon trap: trap_request=0xffffff45 fr.pc=0x0000017f08343000 relative=0x0000000000000520
Event: 1337.863 Thread 0x0000017f64759cd0 Uncommon trap: reason=unstable_if action=reinterpret pc=0x0000017f08343000 method=org.eclipse.jdt.internal.core.util.PublicScanner.translateTokenToTerminalSymbol(I)I @ 1 c2
Event: 1337.863 Thread 0x0000017f64759cd0 DEOPT PACKING pc=0x0000017f08343000 sp=0x0000006d5ddfefa0
Event: 1337.863 Thread 0x0000017f64759cd0 DEOPT UNPACKING pc=0x0000017f07583aa2 sp=0x0000006d5ddfef30 mode 2

Classes loaded (20 events):
Event: 843.252 Loading class sun/security/ssl/Alert
Event: 843.252 Loading class sun/security/ssl/Alert done
Event: 843.253 Loading class sun/security/ssl/Alert$AlertConsumer
Event: 843.253 Loading class sun/security/ssl/Alert$AlertConsumer done
Event: 843.253 Loading class sun/security/ssl/Alert$Level
Event: 843.253 Loading class sun/security/ssl/Alert$Level done
Event: 856.570 Loading class jdk/internal/module/IllegalAccessLogger
Event: 856.570 Loading class jdk/internal/module/IllegalAccessLogger done
Event: 858.286 Loading class jdk/internal/module/IllegalAccessLogger
Event: 858.286 Loading class jdk/internal/module/IllegalAccessLogger done
Event: 909.788 Loading class jdk/internal/module/IllegalAccessLogger
Event: 909.788 Loading class jdk/internal/module/IllegalAccessLogger done
Event: 1009.864 Loading class jdk/internal/module/IllegalAccessLogger
Event: 1009.864 Loading class jdk/internal/module/IllegalAccessLogger done
Event: 1013.732 Loading class jdk/internal/module/IllegalAccessLogger
Event: 1013.732 Loading class jdk/internal/module/IllegalAccessLogger done
Event: 1329.865 Loading class jdk/internal/module/IllegalAccessLogger
Event: 1329.865 Loading class jdk/internal/module/IllegalAccessLogger done
Event: 1334.410 Loading class jdk/internal/module/IllegalAccessLogger
Event: 1334.410 Loading class jdk/internal/module/IllegalAccessLogger done

Classes unloaded (20 events):
Event: 1357.089 Thread 0x0000017f7534bb30 Unloading class 0x0000017f10813c00 'java/lang/invoke/LambdaForm$MH+0x0000017f10813c00'
Event: 1357.089 Thread 0x0000017f7534bb30 Unloading class 0x0000017f10813800 'java/lang/invoke/LambdaForm$MH+0x0000017f10813800'
Event: 1357.089 Thread 0x0000017f7534bb30 Unloading class 0x0000017f10813400 'java/lang/invoke/LambdaForm$MH+0x0000017f10813400'
Event: 1357.089 Thread 0x0000017f7534bb30 Unloading class 0x0000017f10813000 'java/lang/invoke/LambdaForm$MH+0x0000017f10813000'
Event: 1357.089 Thread 0x0000017f7534bb30 Unloading class 0x0000017f10812c00 'java/lang/invoke/LambdaForm$MH+0x0000017f10812c00'
Event: 1357.089 Thread 0x0000017f7534bb30 Unloading class 0x0000017f10812400 'java/lang/invoke/LambdaForm$MH+0x0000017f10812400'
Event: 1357.089 Thread 0x0000017f7534bb30 Unloading class 0x0000017f10811800 'java/lang/invoke/LambdaForm$MH+0x0000017f10811800'
Event: 1357.089 Thread 0x0000017f7534bb30 Unloading class 0x0000017f10811400 'java/lang/invoke/LambdaForm$MH+0x0000017f10811400'
Event: 1357.089 Thread 0x0000017f7534bb30 Unloading class 0x0000017f10811000 'java/lang/invoke/LambdaForm$MH+0x0000017f10811000'
Event: 1357.089 Thread 0x0000017f7534bb30 Unloading class 0x0000017f10810800 'java/lang/invoke/LambdaForm$MH+0x0000017f10810800'
Event: 1357.089 Thread 0x0000017f7534bb30 Unloading class 0x0000017f10810400 'java/lang/invoke/LambdaForm$MH+0x0000017f10810400'
Event: 1357.089 Thread 0x0000017f7534bb30 Unloading class 0x0000017f10810000 'java/lang/invoke/LambdaForm$MH+0x0000017f10810000'
Event: 1357.089 Thread 0x0000017f7534bb30 Unloading class 0x0000017f10186400 'java/lang/invoke/LambdaForm$MH+0x0000017f10186400'
Event: 1357.089 Thread 0x0000017f7534bb30 Unloading class 0x0000017f10185c00 'java/lang/invoke/LambdaForm$MH+0x0000017f10185c00'
Event: 1357.089 Thread 0x0000017f7534bb30 Unloading class 0x0000017f10185800 'java/lang/invoke/LambdaForm$MH+0x0000017f10185800'
Event: 1357.089 Thread 0x0000017f7534bb30 Unloading class 0x0000017f10185400 'java/lang/invoke/LambdaForm$MH+0x0000017f10185400'
Event: 1357.089 Thread 0x0000017f7534bb30 Unloading class 0x0000017f10185000 'java/lang/invoke/LambdaForm$MH+0x0000017f10185000'
Event: 1357.089 Thread 0x0000017f7534bb30 Unloading class 0x0000017f10184800 'java/lang/invoke/LambdaForm$MH+0x0000017f10184800'
Event: 1357.089 Thread 0x0000017f7534bb30 Unloading class 0x0000017f10184400 'java/lang/invoke/LambdaForm$MH+0x0000017f10184400'
Event: 1357.089 Thread 0x0000017f7534bb30 Unloading class 0x0000017f10184000 'java/lang/invoke/LambdaForm$MH+0x0000017f10184000'

Classes redefined (0 events):
No events

Internal exceptions (20 events):
Event: 1329.433 Thread 0x0000017f64759cd0 Exception <a 'java/lang/ArrayIndexOutOfBoundsException'{0x00000000eacd7328}> (0x00000000eacd7328) 
thrown [s\open\src\hotspot\share\runtime\sharedRuntime.cpp, line 625]
Event: 1329.468 Thread 0x0000017f64759cd0 Exception <a 'java/lang/ArrayIndexOutOfBoundsException'{0x00000000eaecf318}> (0x00000000eaecf318) 
thrown [s\open\src\hotspot\share\runtime\sharedRuntime.cpp, line 625]
Event: 1329.546 Thread 0x0000017f56c03ab0 Exception <a 'sun/nio/fs/WindowsException'{0x00000000eace6488}> (0x00000000eace6488) 
thrown [s\open\src\hotspot\share\prims\jni.cpp, line 520]
Event: 1329.992 Thread 0x0000017f56c03ab0 Exception <a 'sun/nio/fs/WindowsException'{0x00000000eac750f8}> (0x00000000eac750f8) 
thrown [s\open\src\hotspot\share\prims\jni.cpp, line 520]
Event: 1330.645 Thread 0x0000017f64759640 Exception <a 'java/lang/ArrayIndexOutOfBoundsException'{0x00000000eae81a88}> (0x00000000eae81a88) 
thrown [s\open\src\hotspot\share\runtime\sharedRuntime.cpp, line 625]
Event: 1330.683 Thread 0x0000017f64759640 Exception <a 'java/lang/ArrayIndexOutOfBoundsException'{0x00000000eac5f268}> (0x00000000eac5f268) 
thrown [s\open\src\hotspot\share\runtime\sharedRuntime.cpp, line 625]
Event: 1330.993 Thread 0x0000017f64759640 Exception <a 'java/lang/ArrayIndexOutOfBoundsException'{0x00000000eac6ca18}> (0x00000000eac6ca18) 
thrown [s\open\src\hotspot\share\runtime\sharedRuntime.cpp, line 625]
Event: 1331.032 Thread 0x0000017f64759640 Exception <a 'java/lang/ArrayIndexOutOfBoundsException'{0x00000000eac07c18}> (0x00000000eac07c18) 
thrown [s\open\src\hotspot\share\runtime\sharedRuntime.cpp, line 625]
Event: 1333.633 Thread 0x0000017f59fc5a90 Exception <a 'java/lang/ArrayIndexOutOfBoundsException'{0x00000000eac1b670}> (0x00000000eac1b670) 
thrown [s\open\src\hotspot\share\runtime\sharedRuntime.cpp, line 625]
Event: 1334.119 Thread 0x0000017f56c03ab0 Exception <a 'sun/nio/fs/WindowsException'{0x00000000eab7c228}> (0x00000000eab7c228) 
thrown [s\open\src\hotspot\share\prims\jni.cpp, line 520]
Event: 1334.506 Thread 0x0000017f56c03ab0 Exception <a 'sun/nio/fs/WindowsException'{0x00000000eb52fe88}> (0x00000000eb52fe88) 
thrown [s\open\src\hotspot\share\prims\jni.cpp, line 520]
Event: 1334.605 Thread 0x0000017f64759cd0 Exception <a 'java/lang/ArrayIndexOutOfBoundsException'{0x00000000eb009828}> (0x00000000eb009828) 
thrown [s\open\src\hotspot\share\runtime\sharedRuntime.cpp, line 625]
Event: 1334.647 Thread 0x0000017f64759cd0 Exception <a 'java/lang/ArrayIndexOutOfBoundsException'{0x00000000eb1beee0}> (0x00000000eb1beee0) 
thrown [s\open\src\hotspot\share\runtime\sharedRuntime.cpp, line 625]
Event: 1335.173 Thread 0x0000017f64759cd0 Exception <a 'java/lang/ArrayIndexOutOfBoundsException'{0x00000000eb8b0db0}> (0x00000000eb8b0db0) 
thrown [s\open\src\hotspot\share\runtime\sharedRuntime.cpp, line 625]
Event: 1335.199 Thread 0x0000017f64759cd0 Exception <a 'java/lang/ArrayIndexOutOfBoundsException'{0x00000000eb5267c0}> (0x00000000eb5267c0) 
thrown [s\open\src\hotspot\share\runtime\sharedRuntime.cpp, line 625]
Event: 1343.811 Thread 0x0000017f64759cd0 Exception <a 'java/lang/ArrayIndexOutOfBoundsException'{0x00000000eb8b89f0}> (0x00000000eb8b89f0) 
thrown [s\open\src\hotspot\share\runtime\sharedRuntime.cpp, line 625]
Event: 1343.838 Thread 0x0000017f64759cd0 Exception <a 'java/lang/ArrayIndexOutOfBoundsException'{0x00000000eb53f9c0}> (0x00000000eb53f9c0) 
thrown [s\open\src\hotspot\share\runtime\sharedRuntime.cpp, line 625]
Event: 1346.163 Thread 0x0000017f64759cd0 Exception <a 'java/lang/ArrayIndexOutOfBoundsException'{0x00000000eb52c7d0}> (0x00000000eb52c7d0) 
thrown [s\open\src\hotspot\share\runtime\sharedRuntime.cpp, line 625]
Event: 1346.200 Thread 0x0000017f64759cd0 Exception <a 'java/lang/ArrayIndexOutOfBoundsException'{0x00000000eb2c43c0}> (0x00000000eb2c43c0) 
thrown [s\open\src\hotspot\share\runtime\sharedRuntime.cpp, line 625]
Event: 1356.992 Thread 0x0000017f56c03ab0 Exception <a 'sun/nio/fs/WindowsException'{0x00000000eaeb33f0}> (0x00000000eaeb33f0) 
thrown [s\open\src\hotspot\share\prims\jni.cpp, line 520]

ZGC Phase Switch (0 events):
No events

VM Operations (20 events):
Event: 1346.786 Executing VM operation: ParallelGCFailedAllocation (Allocation Failure) done
Event: 1346.828 Executing VM operation: ParallelGCFailedAllocation (Allocation Failure)
Event: 1346.831 Executing VM operation: ParallelGCFailedAllocation (Allocation Failure) done
Event: 1347.089 Executing VM operation: ParallelGCFailedAllocation (Allocation Failure)
Event: 1347.091 Executing VM operation: ParallelGCFailedAllocation (Allocation Failure) done
Event: 1347.127 Executing VM operation: ParallelGCFailedAllocation (Allocation Failure)
Event: 1347.129 Executing VM operation: ParallelGCFailedAllocation (Allocation Failure) done
Event: 1350.215 Executing VM operation: ParallelGCFailedAllocation (Allocation Failure)
Event: 1350.218 Executing VM operation: ParallelGCFailedAllocation (Allocation Failure) done
Event: 1351.221 Executing VM operation: Cleanup
Event: 1351.221 Executing VM operation: Cleanup done
Event: 1353.782 Executing VM operation: ParallelGCFailedAllocation (Allocation Failure)
Event: 1353.784 Executing VM operation: ParallelGCFailedAllocation (Allocation Failure) done
Event: 1355.752 Executing VM operation: ParallelGCFailedAllocation (Allocation Failure)
Event: 1355.754 Executing VM operation: ParallelGCFailedAllocation (Allocation Failure) done
Event: 1356.432 Executing VM operation: ParallelGCFailedAllocation (Allocation Failure)
Event: 1356.435 Executing VM operation: ParallelGCFailedAllocation (Allocation Failure) done
Event: 1356.846 Executing VM operation: ParallelGCFailedAllocation (Allocation Failure)
Event: 1356.847 Executing VM operation: ParallelGCFailedAllocation (Allocation Failure) done
Event: 1357.031 Executing VM operation: ParallelGCFailedAllocation (Allocation Failure)

Events (20 events):
Event: 1357.126 Thread 0x0000017f7534bb30 flushing nmethod 0x0000017f015b5190
Event: 1357.126 Thread 0x0000017f7534bb30 flushing nmethod 0x0000017f015b6610
Event: 1357.126 Thread 0x0000017f7534bb30 flushing nmethod 0x0000017f015bb910
Event: 1357.126 Thread 0x0000017f7534bb30 flushing nmethod 0x0000017f015c0b10
Event: 1357.126 Thread 0x0000017f7534bb30 flushing nmethod 0x0000017f015fed10
Event: 1357.126 Thread 0x0000017f7534bb30 flushing nmethod 0x0000017f015ffa90
Event: 1357.126 Thread 0x0000017f7534bb30 flushing nmethod 0x0000017f01612b10
Event: 1357.126 Thread 0x0000017f7534bb30 flushing nmethod 0x0000017f01613d10
Event: 1357.126 Thread 0x0000017f7534bb30 flushing nmethod 0x0000017f01614f90
Event: 1357.126 Thread 0x0000017f7534bb30 flushing nmethod 0x0000017f0161b210
Event: 1357.126 Thread 0x0000017f7534bb30 flushing nmethod 0x0000017f0163aa90
Event: 1357.126 Thread 0x0000017f7534bb30 flushing nmethod 0x0000017f0163e690
Event: 1357.126 Thread 0x0000017f7534bb30 flushing nmethod 0x0000017f0163f590
Event: 1357.126 Thread 0x0000017f7534bb30 flushing nmethod 0x0000017f01648790
Event: 1357.126 Thread 0x0000017f7534bb30 flushing nmethod 0x0000017f01694c10
Event: 1357.126 Thread 0x0000017f7534bb30 flushing nmethod 0x0000017f0169c310
Event: 1357.126 Thread 0x0000017f7534bb30 flushing nmethod 0x0000017f016a6890
Event: 1357.126 Thread 0x0000017f7534bb30 flushing nmethod 0x0000017f016c7410
Event: 1357.126 Thread 0x0000017f7534bb30 flushing nmethod 0x0000017f016c7f90
Event: 1357.126 Thread 0x0000017f7534bb30 flushing nmethod 0x0000017f018f4b10


Dynamic libraries:
0x00007ff6c3ed0000 - 0x00007ff6c3ee0000 	C:\Program Files\Java\jdk-21\bin\java.exe
0x00007fff62da0000 - 0x00007fff63003000 	C:\WINDOWS\SYSTEM32\ntdll.dll
0x00007fff62340000 - 0x00007fff62407000 	C:\WINDOWS\System32\KERNEL32.DLL
0x00007fff60620000 - 0x00007fff609e9000 	C:\WINDOWS\System32\KERNELBASE.dll
0x00007fff60060000 - 0x00007fff601ac000 	C:\WINDOWS\System32\ucrtbase.dll
0x00007fff2a560000 - 0x00007fff2a579000 	C:\Program Files\Java\jdk-21\bin\jli.dll
0x00007fff62420000 - 0x00007fff624d2000 	C:\WINDOWS\System32\ADVAPI32.dll
0x00007fff60ce0000 - 0x00007fff60d89000 	C:\WINDOWS\System32\msvcrt.dll
0x00007fff3f780000 - 0x00007fff3f79b000 	C:\Program Files\Java\jdk-21\bin\VCRUNTIME140.dll
0x00007fff62550000 - 0x00007fff625f6000 	C:\WINDOWS\System32\sechost.dll
0x00007fff60bc0000 - 0x00007fff60cd6000 	C:\WINDOWS\System32\RPCRT4.dll
0x00007fff620f0000 - 0x00007fff622ba000 	C:\WINDOWS\System32\USER32.dll
0x00007fff60300000 - 0x00007fff60327000 	C:\WINDOWS\System32\win32u.dll
0x00007fff61780000 - 0x00007fff617aa000 	C:\WINDOWS\System32\GDI32.dll
0x00007fff609f0000 - 0x00007fff60b21000 	C:\WINDOWS\System32\gdi32full.dll
0x00007fff60250000 - 0x00007fff602f3000 	C:\WINDOWS\System32\msvcp_win.dll
0x00007fff38510000 - 0x00007fff387a0000 	C:\WINDOWS\WinSxS\amd64_microsoft.windows.common-controls_6595b64144ccf1df_6.0.26100.3323_none_3e088096e3344490\COMCTL32.dll
0x00007fff54db0000 - 0x00007fff54dbb000 	C:\WINDOWS\SYSTEM32\VERSION.dll
0x00007fff62510000 - 0x00007fff6253f000 	C:\WINDOWS\System32\IMM32.DLL
0x00007fff5bc20000 - 0x00007fff5bc2c000 	C:\Program Files\Java\jdk-21\bin\vcruntime140_1.dll
0x00007ffef0b90000 - 0x00007ffef0c1e000 	C:\Program Files\Java\jdk-21\bin\msvcp140.dll
0x00007ffedeae0000 - 0x00007ffedf7f8000 	C:\Program Files\Java\jdk-21\bin\server\jvm.dll
0x00007fff622c0000 - 0x00007fff62334000 	C:\WINDOWS\System32\WS2_32.dll
0x00007fff5ebf0000 - 0x00007fff5ec3e000 	C:\WINDOWS\SYSTEM32\POWRPROF.dll
0x00007fff4ece0000 - 0x00007fff4ed16000 	C:\WINDOWS\SYSTEM32\WINMM.dll
0x00007fff5ebd0000 - 0x00007fff5ebe4000 	C:\WINDOWS\SYSTEM32\UMPDC.dll
0x00007fff5eea0000 - 0x00007fff5eeba000 	C:\WINDOWS\SYSTEM32\kernel.appcore.dll
0x00007fff58210000 - 0x00007fff5821a000 	C:\Program Files\Java\jdk-21\bin\jimage.dll
0x00007fff5d9e0000 - 0x00007fff5dc21000 	C:\WINDOWS\SYSTEM32\DBGHELP.DLL
0x00007fff61830000 - 0x00007fff61bb2000 	C:\WINDOWS\System32\combase.dll
0x00007fff62c80000 - 0x00007fff62d56000 	C:\WINDOWS\System32\OLEAUT32.dll
0x00007fff5d220000 - 0x00007fff5d259000 	C:\WINDOWS\SYSTEM32\dbgcore.DLL
0x00007fff601b0000 - 0x00007fff60249000 	C:\WINDOWS\System32\bcryptPrimitives.dll
0x00007fff3afc0000 - 0x00007fff3afcf000 	C:\Program Files\Java\jdk-21\bin\instrument.dll
0x00007fff3f2c0000 - 0x00007fff3f2df000 	C:\Program Files\Java\jdk-21\bin\java.dll
0x00007fff60dc0000 - 0x00007fff614d5000 	C:\WINDOWS\System32\SHELL32.dll
0x00007fff60330000 - 0x00007fff60498000 	C:\WINDOWS\System32\wintypes.dll
0x00007fff5dc80000 - 0x00007fff5e4c5000 	C:\WINDOWS\SYSTEM32\windows.storage.dll
0x00007fff61e60000 - 0x00007fff61f4b000 	C:\WINDOWS\System32\SHCORE.dll
0x00007fff61bc0000 - 0x00007fff61c1d000 	C:\WINDOWS\System32\shlwapi.dll
0x00007fff5feb0000 - 0x00007fff5fedf000 	C:\WINDOWS\SYSTEM32\profapi.dll
0x00007fff1a330000 - 0x00007fff1a407000 	C:\Program Files\Java\jdk-21\bin\jsvml.dll
0x00007fff2f450000 - 0x00007fff2f468000 	C:\Program Files\Java\jdk-21\bin\zip.dll
0x00007fff4efe0000 - 0x00007fff4eff0000 	C:\Program Files\Java\jdk-21\bin\net.dll
0x00007fff5cce0000 - 0x00007fff5cdfe000 	C:\WINDOWS\SYSTEM32\WINHTTP.dll
0x00007fff5f3f0000 - 0x00007fff5f45a000 	C:\WINDOWS\system32\mswsock.dll
0x00007fff3e910000 - 0x00007fff3e926000 	C:\Program Files\Java\jdk-21\bin\nio.dll
0x00007fff49c70000 - 0x00007fff49c80000 	C:\Program Files\Java\jdk-21\bin\verify.dll
0x00007fff20710000 - 0x00007fff20755000 	C:\Users\82104\AppData\Roaming\Code\User\globalStorage\redhat.java\1.40.0\config_win\org.eclipse.equinox.launcher\org.eclipse.equinox.launcher.win32.win32.x86_64_1.2.1200.v20250212-0927\eclipse_11909.dll
0x00007fff61f50000 - 0x00007fff620e5000 	C:\WINDOWS\System32\ole32.dll
0x00007fff5f690000 - 0x00007fff5f6ac000 	C:\WINDOWS\SYSTEM32\CRYPTSP.dll
0x00007fff5ee00000 - 0x00007fff5ee3a000 	C:\WINDOWS\system32\rsaenh.dll
0x00007fff5f490000 - 0x00007fff5f4bb000 	C:\WINDOWS\SYSTEM32\USERENV.dll
0x00007fff5f860000 - 0x00007fff5f886000 	C:\WINDOWS\SYSTEM32\bcrypt.dll
0x00007fff5f6b0000 - 0x00007fff5f6bc000 	C:\WINDOWS\SYSTEM32\CRYPTBASE.dll
0x00007fff5e830000 - 0x00007fff5e863000 	C:\WINDOWS\SYSTEM32\IPHLPAPI.DLL
0x00007fff60db0000 - 0x00007fff60dba000 	C:\WINDOWS\System32\NSI.dll
0x00007fff20480000 - 0x00007fff204c9000 	C:\Users\82104\AppData\Local\Temp\jna-53255355\jna6904936908277308131.dll
0x00007fff62410000 - 0x00007fff62418000 	C:\WINDOWS\System32\PSAPI.DLL
0x00007fff56ed0000 - 0x00007fff56eef000 	C:\WINDOWS\SYSTEM32\dhcpcsvc6.DLL
0x00007fff566a0000 - 0x00007fff566c5000 	C:\WINDOWS\SYSTEM32\dhcpcsvc.DLL
0x00007fff59e00000 - 0x00007fff59e0e000 	C:\Program Files\Java\jdk-21\bin\sunmscapi.dll
0x00007fff604a0000 - 0x00007fff60617000 	C:\WINDOWS\System32\CRYPT32.dll
0x00007fff5f820000 - 0x00007fff5f850000 	C:\WINDOWS\SYSTEM32\ncrypt.dll
0x00007fff5f7d0000 - 0x00007fff5f80f000 	C:\WINDOWS\SYSTEM32\NTASN1.dll
0x00007fff5e920000 - 0x00007fff5ea45000 	C:\WINDOWS\SYSTEM32\DNSAPI.dll
0x00007fff54e00000 - 0x00007fff54e0b000 	C:\Windows\System32\rasadhlp.dll
0x00007fff52460000 - 0x00007fff524e5000 	C:\WINDOWS\System32\fwpuclnt.dll
0x00007fff42e80000 - 0x00007fff42e89000 	C:\Program Files\Java\jdk-21\bin\extnet.dll

dbghelp: loaded successfully - version: 4.0.5 - missing functions: none
symbol engine: initialized successfully - sym options: 0x614 - pdb path: .;C:\Program Files\Java\jdk-21\bin;C:\WINDOWS\SYSTEM32;C:\WINDOWS\WinSxS\amd64_microsoft.windows.common-controls_6595b64144ccf1df_6.0.26100.3323_none_3e088096e3344490;C:\Program Files\Java\jdk-21\bin\server;C:\Users\82104\AppData\Roaming\Code\User\globalStorage\redhat.java\1.40.0\config_win\org.eclipse.equinox.launcher\org.eclipse.equinox.launcher.win32.win32.x86_64_1.2.1200.v20250212-0927;C:\Users\82104\AppData\Local\Temp\jna-53255355

VM Arguments:
jvm_args: --add-modules=ALL-SYSTEM --add-opens=java.base/java.util=ALL-UNNAMED --add-opens=java.base/java.lang=ALL-UNNAMED --add-opens=java.base/sun.nio.fs=ALL-UNNAMED -Declipse.application=org.eclipse.jdt.ls.core.id1 -Dosgi.bundles.defaultStartLevel=4 -Declipse.product=org.eclipse.jdt.ls.core.product -Djava.import.generatesMetadataFilesAtProjectRoot=false -DDetectVMInstallationsJob.disabled=true -Dfile.encoding=utf8 -XX:+UseParallelGC -XX:GCTimeRatio=4 -XX:AdaptiveSizePolicyWeight=90 -Dsun.zip.disableMemoryMapping=true -Xmx1G -Xms100m -Xlog:disable -javaagent:c:\Users\82104\.vscode\extensions\redhat.java-1.40.0-win32-x64\lombok\lombok-1.18.36.jar -XX:+HeapDumpOnOutOfMemoryError -XX:HeapDumpPath=c:\Users\82104\AppData\Roaming\Code\User\workspaceStorage\d87379898489d1c619680d830fc6113a\redhat.java -Daether.dependencyCollector.impl=bf 
java_command: c:\Users\82104\.vscode\extensions\redhat.java-1.40.0-win32-x64\server\plugins\org.eclipse.equinox.launcher_1.6.1000.v20250131-0606.jar -configuration c:\Users\82104\AppData\Roaming\Code\User\globalStorage\redhat.java\1.40.0\config_win -data c:\Users\82104\AppData\Roaming\Code\User\workspaceStorage\d87379898489d1c619680d830fc6113a\redhat.java\jdt_ws --pipe=\\.\pipe\lsp-fc65992b837c78537d32daa1cb31b13a-sock
java_class_path (initial): c:\Users\82104\.vscode\extensions\redhat.java-1.40.0-win32-x64\server\plugins\org.eclipse.equinox.launcher_1.6.1000.v20250131-0606.jar
Launcher Type: SUN_STANDARD

[Global flags]
    uintx AdaptiveSizePolicyWeight                 = 90                                        {product} {command line}
     intx CICompilerCount                          = 4                                         {product} {ergonomic}
    uintx GCTimeRatio                              = 4                                         {product} {command line}
     bool HeapDumpOnOutOfMemoryError               = true                                   {manageable} {command line}
    ccstr HeapDumpPath                             = c:\Users\82104\AppData\Roaming\Code\User\workspaceStorage\d87379898489d1c619680d830fc6113a\redhat.java         {manageable} {command line}
   size_t InitialHeapSize                          = 104857600                                 {product} {command line}
   size_t MaxHeapSize                              = 1073741824                                {product} {command line}
   size_t MaxNewSize                               = 357564416                                 {product} {ergonomic}
   size_t MinHeapDeltaBytes                        = 524288                                    {product} {ergonomic}
   size_t MinHeapSize                              = 104857600                                 {product} {command line}
   size_t NewSize                                  = 34603008                                  {product} {ergonomic}
    uintx NonNMethodCodeHeapSize                   = 5839372                                {pd product} {ergonomic}
    uintx NonProfiledCodeHeapSize                  = 122909434                              {pd product} {ergonomic}
   size_t OldSize                                  = 70254592                                  {product} {ergonomic}
    uintx ProfiledCodeHeapSize                     = 122909434                              {pd product} {ergonomic}
    uintx ReservedCodeCacheSize                    = 251658240                              {pd product} {ergonomic}
     bool SegmentedCodeCache                       = true                                      {product} {ergonomic}
   size_t SoftMaxHeapSize                          = 1073741824                             {manageable} {ergonomic}
     bool UseCompressedOops                        = true                           {product lp64_product} {ergonomic}
     bool UseLargePagesIndividualAllocation        = false                                  {pd product} {ergonomic}
     bool UseParallelGC                            = true                                      {product} {command line}

Logging:
Log output configuration:
 #0: stdout all=off uptime,level,tags foldmultilines=false
 #1: stderr all=off uptime,level,tags foldmultilines=false

Environment Variables:
JAVA_HOME=C:\Program Files\Java\jdk-21
CLASSPATH=C:\Program Files\Java\jdk-21\lib
PATH=C:\Program Files\Java\jdk-21\bin;C:\Program Files (x86)\NVIDIA Corporation\PhysX\Common;C:\Program Files (x86)\Intel\Intel(R) Management Engine Components\iCLS\;C:\Program Files\Intel\Intel(R) Management Engine Components\iCLS\;C:\WINDOWS\system32;C:\WINDOWS;C:\WINDOWS\System32\Wbem;C:\WINDOWS\System32\WindowsPowerShell\v1.0\;C:\WINDOWS\System32\OpenSSH\;C:\Program Files (x86)\Intel\Intel(R) Management Engine Components\DAL;C:\Program Files\Intel\Intel(R) Management Engine Components\DAL;C:\Program Files\Microsoft SQL Server\130\Tools\Binn\;C:\Program Files\PuTTY\;C:\WINDOWS\system32;C:\WINDOWS;C:\WINDOWS\System32\Wbem;C:\WINDOWS\System32\WindowsPowerShell\v1.0\;C:\WINDOWS\System32\OpenSSH\;C:\mysql-8.4.1-winx64\mysql-8.4.1-winx64\bin;C:\Program Files\Common Files\Oracle\Java\javapath;C:\Program Files\MySQL\MySQL Workbench 8.0 CE;C:\Program Files\MySQL\MySQL Server 8.4\bin;C:\Program Files\MySQL\MySQL Server 8.0\bin;C:\Windows\System32;C:\Program Files\MariaDB 10.6\bin;D:\Program Files\gradle-8.0.2\bin;D:\Program Files\apache-maven-3.9.9\bin;C:\Program Files\Bandizip\;C:\Program Files\Git\cmd;C:\Users\82104\AppData\Local\Microsoft\WinGet\Packages;C:\Users\82104\AppData\Roaming\npm\bin;C:\Program Files\nodejs\;C:\Users\82104\AppData\Local\Programs\Python\Python38-32\Scripts\;C:\Users\82104\AppData\Local\Programs\Python\Python38-32\;C:\apache-maven-3.9.9\bin;C:\Users\82104\AppData\Local\Programs\Python\Python310\Scripts\;C:\Users\82104\AppData\Local\Programs\Python\Python310\;C:\Users\82104\AppData\Local\Programs\Python\Python35\Scripts\;C:\Users\82104\AppData\Local\Programs\Python\Python35\;C:\Users\82104\AppData\Local\Microsoft\WindowsApps;C:\Program Files\JetBrains\IntelliJ IDEA Community Edition 2024.1\bin;;C:\Program Files\JetBrains\PyCharm Community Edition 2024.1\bin;;C:\Program Files\Java\jdk-21\bin;C:\Users\82104\AppData\Local\Programs\Microsoft VS Code\bin;C:\Users\82104\AppData\Roaming\npm;C:\Users\82104\AppData\Roaming\nvm;%NVM_SYMLINK%;C:\mysql-8.4.1-winx64\mysql-8.4.1-winx64\bin;C:\mysql-shell-8.4.1-windows-x86-64bit\mysql-shell-8.4.1-windows-x86-64bit\bin;C:\Users\82104\AppData\Local\Microsoft\WinGet\Packages\Schniz.fnm_Microsoft.Winget.Source_8wekyb3d8bbwe;;C:\Program Files (x86)\ESTsoft\ALSee\x64
USERNAME=82104
OS=Windows_NT
PROCESSOR_IDENTIFIER=Intel64 Family 6 Model 142 Stepping 12, GenuineIntel
TMP=C:\Users\82104\AppData\Local\Temp
TEMP=C:\Users\82104\AppData\Local\Temp




Periodic native trim disabled

---------------  S Y S T E M  ---------------

OS:
 Windows 11 , 64 bit Build 26100 (10.0.26100.3323)
OS uptime: 0 days 19:21 hours
Hyper-V role detected

CPU: total 8 (initial active 8) (4 cores per cpu, 2 threads per core) family 6 model 142 stepping 12 microcode 0xde, cx8, cmov, fxsr, ht, mmx, 3dnowpref, sse, sse2, sse3, ssse3, sse4.1, sse4.2, popcnt, lzcnt, tsc, tscinvbit, avx, avx2, aes, erms, clmul, bmi1, bmi2, adx, fma, vzeroupper, clflush, clflushopt, hv, rdtscp, f16c
Processor Information for all 8 processors :
  Max Mhz: 1992, Current Mhz: 1792, Mhz Limit: 1792

Memory: 4k page, system-wide physical 7986M (986M free)
TotalPageFile size 16690M (AvailPageFile size 4625M)
current process WorkingSet (physical memory assigned to process): 597M, peak: 776M
current process commit charge ("private bytes"): 532M, peak: 684M

vm_info: Java HotSpot(TM) 64-Bit Server VM (21.0.5+9-LTS-239) for windows-amd64 JRE (21.0.5+9-LTS-239), built on 2024-09-30T05:17:38Z by "mach5one" with MS VC++ 17.6 (VS2022)

END.
